<?xml version="1.0" encoding="UTF-8"?>
<!-- Generated by org.testng.reporters.JUnitXMLReporter -->
<testsuite ignored="4" hostname="ENCDAPPUNLT0522" failures="0" tests="5" name="Default test" time="4.615" errors="0" timestamp="2026-08-14T12:58:51 IST">
  <testcase classname="pac.DesktopTest" name="desktopFlow" time="1.388"/>
  <testcase classname="pac.DesktopTest" name="desktopFlow" time="1.475"/>
  <testcase classname="pac.SearchTest" name="searchFlow" time="0.607"/>
  <testcase classname="pac.SearchTest" name="searchFlow" time="0.582"/>
  <testcase classname="pac.SearchTest" name="searchFlow" time="0.504"/>
  <testcase classname="pac.BaseTest" name="@AfterSuite tearDown" time="0.0">
    <ignored/>
  </testcase> <!-- @AfterSuite tearDown -->
  <testcase classname="pac.BaseTest" name="@BeforeSuite setup" time="0.0">
    <ignored/>
  </testcase> <!-- @BeforeSuite setup -->
  <testcase classname="pac.BaseTest" name="@AfterSuite tearDown" time="0.0">
    <ignored/>
  </testcase> <!-- @AfterSuite tearDown -->
  <testcase classname="pac.BaseTest" name="@BeforeSuite setup" time="0.0">
    <ignored/>
  </testcase> <!-- @BeforeSuite setup -->
</testsuite> <!-- Default test -->
