<?xml version="1.0" encoding="UTF-8"?>
<!-- Generated by org.testng.reporters.JUnitReportReporter -->
<testsuite hostname="ENCDAPPUNLT0522" failures="0" tests="3" name="pac.SearchTest" time="1.693" errors="0" timestamp="2026-08-14T12:58:52 IST" skipped="0">
  <testcase classname="pac.SearchTest" name="searchFlow" time="0.607"/>
  <testcase classname="pac.SearchTest" name="searchFlow" time="0.582"/>
  <testcase classname="pac.SearchTest" name="searchFlow" time="0.504"/>
</testsuite> <!-- pac.SearchTest -->
