<?xml version="1.0" encoding="UTF-8"?>
<!-- Generated by org.testng.reporters.JUnitXMLReporter -->
<testsuite ignored="0" hostname="ENCDAPPUNLT0522" failures="0" tests="3" name="ChromeTest" time="92.758" errors="0" timestamp="2026-08-07T16:20:18 IST">
  <testcase classname="pac1.TC005_TestNG_Multibrowser" name="f" time="6.741"/>
  <testcase classname="pac1.TC005_TestNG_Multibrowser" name="f" time="13.991"/>
  <testcase classname="pac1.TC005_TestNG_Multibrowser" name="f" time="15.829"/>
</testsuite> <!-- ChromeTest -->
