<?xml version="1.0" encoding="UTF-8"?>
<!-- Generated by org.testng.reporters.JUnitXMLReporter -->
<testsuite ignored="0" hostname="ENCDAPPUNLT0522" failures="0" tests="3" name="EdgeTest" time="89.026" errors="0" timestamp="2026-08-07T16:20:14 IST">
  <testcase classname="pac1.TC005_TestNG_Multibrowser" name="f" time="8.323"/>
  <testcase classname="pac1.TC005_TestNG_Multibrowser" name="f" time="30.717"/>
  <testcase classname="pac1.TC005_TestNG_Multibrowser" name="f" time="17.603"/>
</testsuite> <!-- EdgeTest -->
