<?xml version="1.0" encoding="UTF-8"?>
<!-- Generated by org.testng.reporters.JUnitXMLReporter -->
<testsuite ignored="0" hostname="ENCDAPPUNLT0522" failures="0" tests="3" name="FirefoxTest" time="100.842" errors="0" timestamp="2026-08-07T16:20:26 IST">
  <testcase classname="pac1.TC005_TestNG_Multibrowser" name="f" time="10.244"/>
  <testcase classname="pac1.TC005_TestNG_Multibrowser" name="f" time="14.593"/>
  <testcase classname="pac1.TC005_TestNG_Multibrowser" name="f" time="11.905"/>
</testsuite> <!-- FirefoxTest -->
