<?xml version="1.0" encoding="UTF-8"?>
<!-- Generated by org.testng.reporters.JUnitXMLReporter -->
<testsuite ignored="0" hostname="ENCDAPPUNLT0522" failures="0" tests="5" name="Default test" time="31.737" errors="0" timestamp="2026-08-14T13:04:25 IST">
  <testcase classname="pac.DesktopTest" name="DesktopFlow" time="2.486"/>
  <testcase classname="pac.DesktopTest" name="DesktopFlow" time="2.062"/>
  <testcase classname="pac.SearchTest" name="searchFlowTest" time="0.84"/>
  <testcase classname="pac.SearchTest" name="searchFlowTest" time="0.762"/>
  <testcase classname="pac.SearchTest" name="searchFlowTest" time="0.644"/>
</testsuite> <!-- Default test -->
