<?xml version="1.0" encoding="UTF-8"?>
<!-- Generated by org.testng.reporters.JUnitReportReporter -->
<testsuite hostname="ENCDAPPUNLT0522" failures="0" tests="2" name="test.MultiBrowserTest" time="23.567" errors="0" timestamp="2026-08-14T12:53:16 IST" skipped="0">
  <testcase classname="test.MultiBrowserTest" name="chromeTest" time="7.595">
    <system-out>
      <![CDATA[Clicked on Desktops
Mac Heading Verified
Add To Cart Verified
Search Result Verified]]>
    </system-out>
  </testcase> <!-- chromeTest -->
  <testcase classname="test.MultiBrowserTest" name="edgeTest" time="15.972">
    <system-out>
      <![CDATA[Clicked on Desktops
Mac Heading Verified
Add To Cart Verified
Search Result Verified]]>
    </system-out>
  </testcase> <!-- edgeTest -->
  <system-out>
    <![CDATA[Clicked on Desktops
Mac Heading Verified
Add To Cart Verified
Search Result Verified
Clicked on Desktops
Mac Heading Verified
Add To Cart Verified
Search Result Verified]]>
  </system-out>
</testsuite> <!-- test.MultiBrowserTest -->
