<?xml version="1.0" encoding="UTF-8"?>
<!-- Generated by org.testng.reporters.JUnitReportReporter -->
<testsuite hostname="ENCDAPPUNLT0522" failures="0" tests="2" name="pac.DesktopTest" time="3.466" errors="0" timestamp="2026-08-14T13:11:48 IST" skipped="0">
  <testcase classname="pac.DesktopTest" name="DesktopFlow" time="1.728">
    <system-out>
      <![CDATA[Clicked on Desktops
Mac Heading Verified
Add to cart Verified]]>
    </system-out>
  </testcase> <!-- DesktopFlow -->
  <testcase classname="pac.DesktopTest" name="DesktopFlow" time="1.738">
    <system-out>
      <![CDATA[Clicked on Desktops
Mac Heading Verified
Add to cart Verified]]>
    </system-out>
  </testcase> <!-- DesktopFlow -->
  <system-out>
    <![CDATA[Launching Browser
Clicked on Desktops
Mac Heading Verified
Add to cart Verified
Clicked on Desktops
Mac Heading Verified
Add to cart Verified]]>
  </system-out>
</testsuite> <!-- pac.DesktopTest -->
