<?xml version="1.0" encoding="UTF-8"?>
<!-- Generated by org.testng.reporters.JUnitReportReporter -->
<testsuite hostname="ENCDAPPUNLT0522" failures="0" tests="3" name="pac.SearchTest" time="2.756" errors="0" timestamp="2026-08-14T13:17:08 IST" skipped="0">
  <testcase classname="pac.SearchTest" name="searchFlowTest" time="0.827">
    <system-out>
      <![CDATA[Searching Monitors]]>
    </system-out>
  </testcase> <!-- searchFlowTest -->
  <testcase classname="pac.SearchTest" name="searchFlowTest" time="1.052">
    <system-out>
      <![CDATA[Searching Phones]]>
    </system-out>
  </testcase> <!-- searchFlowTest -->
  <testcase classname="pac.SearchTest" name="searchFlowTest" time="0.877">
    <system-out>
      <![CDATA[Searching Cameras]]>
    </system-out>
  </testcase> <!-- searchFlowTest -->
  <system-out>
    <![CDATA[Launching Browser
Searching Monitors
Searching Phones
Searching Cameras
Closing Browser]]>
  </system-out>
</testsuite> <!-- pac.SearchTest -->
