<?xml version="1.0" encoding="UTF-8"?>
<!-- Generated by org.testng.reporters.JUnitReportReporter -->
<testsuite hostname="ENCDAPPUNLT0522" failures="0" tests="9" name="pac1.TC005_TestNG_Multibrowser" time="282.382" errors="0" timestamp="2026-08-07T16:20:26 IST" skipped="0">
  <testcase classname="pac1.TC005_TestNG_Multibrowser" name="f" time="29.438"/>
  <testcase classname="pac1.TC005_TestNG_Multibrowser" name="f" time="29.269"/>
  <testcase classname="pac1.TC005_TestNG_Multibrowser" name="f" time="27.761"/>
  <testcase classname="pac1.TC005_TestNG_Multibrowser" name="f" time="41.988"/>
  <testcase classname="pac1.TC005_TestNG_Multibrowser" name="f" time="36.204"/>
  <testcase classname="pac1.TC005_TestNG_Multibrowser" name="f" time="21.216"/>
  <testcase classname="pac1.TC005_TestNG_Multibrowser" name="f" time="18.635"/>
  <testcase classname="pac1.TC005_TestNG_Multibrowser" name="f" time="42.560"/>
  <testcase classname="pac1.TC005_TestNG_Multibrowser" name="f" time="35.311"/>
</testsuite> <!-- pac1.TC005_TestNG_Multibrowser -->
