<?xml version="1.0" encoding="UTF-8"?>
<!-- Generated by org.testng.reporters.JUnitReportReporter -->
<testsuite hostname="ENCDAPPUNLT0522" failures="0" tests="3" name="pac1.TC005_TestNG2" time="38.462" errors="0" timestamp="2026-08-07T16:09:21 IST" skipped="0">
  <testcase classname="pac1.TC005_TestNG2" name="f" time="14.924"/>
  <testcase classname="pac1.TC005_TestNG2" name="f" time="13.353"/>
  <testcase classname="pac1.TC005_TestNG2" name="f" time="10.185"/>
</testsuite> <!-- pac1.TC005_TestNG2 -->
