<?xml version="1.0" encoding="UTF-8"?>
<!-- Generated by org.testng.reporters.JUnitReportReporter -->
<testsuite hostname="ENCDAPPUNLT0522" failures="0" tests="3" name="pac1.TC005_TestNG" time="0.021" errors="0" timestamp="2026-08-07T16:09:42 IST" skipped="0">
  <testcase classname="pac1.TC005_TestNG" name="f" time="0.004"/>
  <testcase classname="pac1.TC005_TestNG" name="f" time="0.004"/>
  <testcase classname="pac1.TC005_TestNG" name="f" time="0.013"/>
</testsuite> <!-- pac1.TC005_TestNG -->
