<?xml version="1.0" encoding="UTF-8"?>
<testng-results ignored="0" total="5" passed="5" failed="0" skipped="0">
  <reporter-output>
  </reporter-output>
  <suite started-at="2026-08-14T12:58:46 IST" name="Default suite" finished-at="2026-08-14T12:58:51 IST" duration-ms="4615">
    <groups>
    </groups>
    <test started-at="2026-08-14T12:58:46 IST" name="Default test" finished-at="2026-08-14T12:58:51 IST" duration-ms="4615">
      <class name="pac.DesktopTest">
        <test-method is-config="true" signature="setup()[pri:0, instance:pac.DesktopTest@6200f9cb]" started-at="2026-08-14T12:58:42 IST" name="setup" finished-at="2026-08-14T12:58:46 IST" duration-ms="4051" status="PASS">
          <reporter-output>
          </reporter-output>
        </test-method> <!-- setup -->
        <test-method signature="desktopFlow(java.lang.String)[pri:0, instance:pac.DesktopTest@6200f9cb]" started-at="2026-08-14T12:58:46 IST" name="desktopFlow" data-provider="sortData" finished-at="2026-08-14T12:58:48 IST" duration-ms="1388" status="PASS">
          <params>
            <param index="0">
              <value>
                <![CDATA[Name (A - Z)]]>
              </value>
            </param>
          </params>
          <reporter-output>
          </reporter-output>
        </test-method> <!-- desktopFlow -->
        <test-method signature="desktopFlow(java.lang.String)[pri:0, instance:pac.DesktopTest@6200f9cb]" started-at="2026-08-14T12:58:48 IST" name="desktopFlow" data-provider="sortData" finished-at="2026-08-14T12:58:49 IST" duration-ms="1475" status="PASS">
          <params>
            <param index="0">
              <value>
                <![CDATA[Name (Z - A)]]>
              </value>
            </param>
          </params>
          <reporter-output>
          </reporter-output>
        </test-method> <!-- desktopFlow -->
        <test-method is-config="true" signature="tearDown()[pri:0, instance:pac.DesktopTest@6200f9cb]" started-at="2026-08-14T12:58:51 IST" name="tearDown" finished-at="2026-08-14T12:58:51 IST" duration-ms="664" status="PASS">
          <reporter-output>
          </reporter-output>
        </test-method> <!-- tearDown -->
      </class> <!-- pac.DesktopTest -->
      <class name="pac.SearchTest">
        <test-method signature="searchFlow(java.lang.String,java.lang.String)[pri:0, instance:pac.SearchTest@7dc0f706]" started-at="2026-08-14T12:58:49 IST" name="searchFlow" data-provider="searchData" finished-at="2026-08-14T12:58:50 IST" duration-ms="607" status="PASS">
          <params>
            <param index="0">
              <value>
                <![CDATA[Mobile]]>
              </value>
            </param>
            <param index="1">
              <value>
                <![CDATA[Monitors]]>
              </value>
            </param>
          </params>
          <reporter-output>
          </reporter-output>
        </test-method> <!-- searchFlow -->
        <test-method signature="searchFlow(java.lang.String,java.lang.String)[pri:0, instance:pac.SearchTest@7dc0f706]" started-at="2026-08-14T12:58:50 IST" name="searchFlow" data-provider="searchData" finished-at="2026-08-14T12:58:50 IST" duration-ms="582" status="PASS">
          <params>
            <param index="0">
              <value>
                <![CDATA[Laptop]]>
              </value>
            </param>
            <param index="1">
              <value>
                <![CDATA[Phones]]>
              </value>
            </param>
          </params>
          <reporter-output>
          </reporter-output>
        </test-method> <!-- searchFlow -->
        <test-method signature="searchFlow(java.lang.String,java.lang.String)[pri:0, instance:pac.SearchTest@7dc0f706]" started-at="2026-08-14T12:58:50 IST" name="searchFlow" data-provider="searchData" finished-at="2026-08-14T12:58:51 IST" duration-ms="504" status="PASS">
          <params>
            <param index="0">
              <value>
                <![CDATA[Camera]]>
              </value>
            </param>
            <param index="1">
              <value>
                <![CDATA[Cameras]]>
              </value>
            </param>
          </params>
          <reporter-output>
          </reporter-output>
        </test-method> <!-- searchFlow -->
      </class> <!-- pac.SearchTest -->
    </test> <!-- Default test -->
  </suite> <!-- Default suite -->
</testng-results>
